[Tuesday/December 10/12/2024 00:22:58] "Saenai Heroine no Sodatekata Episode 0" | https://myanime.sharepoint.com/sites/anime/_layouts/15/download.aspx?share=EWBOFR4k1XxFqmvJqEe0VX0BeAxl-Ph6uNaCyUWvXFPz1Q | length=1370.1629931973 | time=646.39574444444
[Tuesday/December 10/12/2024 00:23:12] "Saenai Heroine no Sodatekata Episode 0" | https://myanime.sharepoint.com/sites/anime/_layouts/15/download.aspx?share=EWBOFR4k1XxFqmvJqEe0VX0BeAxl-Ph6uNaCyUWvXFPz1Q | length=1370.1629931973 | time=1.8768666666667
[Tuesday/December 10/12/2024 00:24:11] "Saenai Heroine no Sodatekata Episode 1" | https://myanime.sharepoint.com/sites/anime/_layouts/15/download.aspx?share=EV8fv4FsG2ZNu4fJbD5KRWMBFTiIpVDBOOxvsWDaTcNq9A | length=1370.14 | time=857.98212222222
[Tuesday/December 10/12/2024 00:24:20] "Saenai Heroine no Sodatekata Episode 1" | https://myanime.sharepoint.com/sites/anime/_layouts/15/download.aspx?share=EV8fv4FsG2ZNu4fJbD5KRWMBFTiIpVDBOOxvsWDaTcNq9A | length=1370.14 | time=1.1261222222222
[Tuesday/December 10/12/2024 00:25:29] "Saenai Heroine no Sodatekata ♭ Episode 1" | https://myanime.sharepoint.com/sites/anime/_layouts/15/download.aspx?share=EVtDAtlV4spFk3fy2NhAT2EBDPULa6MygeuPpEbSVLDObg | length=1370 | time=3.3783666666667
[Tuesday/December 10/12/2024 00:38:14] "Blue Lock Season 2 Episode 10 Reaction Mashup | ブルーロック" | https://www.youtube.com/watch?v=P2rOZsT8dtI | length=1233.901 | time=20.549
[Tuesday/December 10/12/2024 00:38:16] "Saenai Heroine no Sodatekata ♭ Episode 1" | https://myanime.sharepoint.com/sites/anime/_layouts/15/download.aspx?share=EVtDAtlV4spFk3fy2NhAT2EBDPULa6MygeuPpEbSVLDObg | length=1370 | time=51.926866666667
[Tuesday/December 10/12/2024 00:39:59] "Saenai Heroine no Sodatekata ♭ Episode 1" | https://myanime.sharepoint.com/sites/anime/_layouts/15/download.aspx?share=EVtDAtlV4spFk3fy2NhAT2EBDPULa6MygeuPpEbSVLDObg | length=1370 | time=1273.4388333333
[Tuesday/December 10/12/2024 00:54:25] "Saenai Heroine no Sodatekata ♭ Episode 2" | https://myanime.sharepoint.com/sites/anime/_layouts/15/download.aspx?share=EaWWUkZLi6BDhYFIHKNCC5kBH84OwpJ3xuiXPzuUQ7ce0w | length=1372.2467333333 | time=1291.2278666667
[Tuesday/December 10/12/2024 01:16:47] "Saenai Heroine no Sodatekata ♭ Episode 3" | https://myanime.sharepoint.com/sites/anime/_layouts/15/download.aspx?share=EVczLwY1DItAkC0ceSD18P0B5vd0OwkqJJC2PxVB3xxV_g | length=1370.0470068027 | time=1227.5179555556
[Tuesday/December 10/12/2024 02:01:21] "Saenai Heroine no Sodatekata ♭ Episode 4" | https://myanime.sharepoint.com/sites/anime/_layouts/15/download.aspx?share=EZbA_K01dw5JjdABDY6mI38B2nC-T1osAYYN7gykqlF74g | length=1370.0470068027 | time=1353.0183333333
[Tuesday/December 10/12/2024 02:19:08] "Saenai Heroine no Sodatekata ♭ Episode 5" | https://myanime.sharepoint.com/sites/anime/_layouts/15/download.aspx?share=ETgacTZEyg1PjLcO7-nPtQQBB9VweHmJdiYIb0QgOoR1qw | length=1370.0470068027 | time=1328.7023666667
[Tuesday/December 10/12/2024 02:38:41] "Saenai Heroine no Sodatekata ♭ Episode 6" | https://myanime.sharepoint.com/sites/anime/_layouts/15/download.aspx?share=EdgPH3UiJCZFvy-TALbt0GQBIda5LTnxQJHo5CZZkvH_LQ | length=1370 | time=1281.4468333333
[Tuesday/December 10/12/2024 03:00:28] "Saenai Heroine no Sodatekata ♭ Episode 7" | https://myanime.sharepoint.com/sites/anime/_layouts/15/download.aspx?share=EWZXfnQfUWZDoa-njFL7htMBphSVHCyYBqun3PTndb6PdA | length=1370 | time=1353.8525
[Tuesday/December 10/12/2024 14:28:34] "Saenai Heroine no Sodatekata ♭ Episode 7" | https://myanime.sharepoint.com/sites/anime/_layouts/15/download.aspx?share=EWZXfnQfUWZDoa-njFL7htMBphSVHCyYBqun3PTndb6PdA | length=1370 | time=18.393366666667
[Wednesday/December 11/12/2024 23:44:25] "Saenai Heroine no Sodatekata ♭ Episode 7" | https://myanime.sharepoint.com/sites/anime/_layouts/15/download.aspx?share=EWZXfnQfUWZDoa-njFL7htMBphSVHCyYBqun3PTndb6PdA | length=1370 | time=1224.8069111111
[Thursday/December 12/12/2024 00:10:47] "Saenai Heroine no Sodatekata ♭ Episode 8" | https://myanime.sharepoint.com/sites/anime/_layouts/15/download.aspx?share=Ee6uSQDXxA9Hon47REMvO-wBw4g4Hj4o3AdnxBcoatBCWA | length=1369.9539909297 | time=1286.6186666667
[Thursday/December 12/12/2024 22:49:23] "Saenai Heroine no Sodatekata Fine Episode 1" | https://myanime.sharepoint.com/sites/anime/_layouts/15/download.aspx?share=EdpDCM1tFHJAgi3BDNPOSo4B_XQcqCyJHQuifbZLJCr9pA | length=7052.5970068027 | time=0
[Sunday/December 15/12/2024 21:38:27] - | length=0 | time=258.55
[Sunday/December 15/12/2024 21:52:20] - | length=0 | time=794.966
[Sunday/December 15/12/2024 22:33:20] - | length=1.7236666666686 | time=2401.833
[Thursday/December 19/12/2024 13:31:30] "Saenai Heroine no Sodatekata Episode 2" | https://myanime.sharepoint.com/sites/anime/_layouts/15/download.aspx?share=EZOVBYsJcD5Ejujknn_ltfABoz2ayzejIeZJnSJUigpIug | length=1370.0929931973 | time=59.642911111111
[Monday/December 23/12/2024 22:12:40] "Dandadan Episode 8" | https://myanime.sharepoint.com/sites/chartlousty/_layouts/15/download.aspx?share=EeD0gvpGEvlOlUnocI3r3HUB14tP2HAiYHssUzmOV7m53w | length=1422.0359183673 | time=1405.6959583333
[Saturday/December 28/12/2024 00:28:35] "Bakemonogatari Episode 3" | https://myanime.sharepoint.com/sites/anime/_layouts/15/download.aspx?share=ES9SinKf2NJBmj3yUPIIwe4Bs_D5LJxliTTubIP2X9yx8w | length=1559.0574777778 | time=119.01228888889
[Saturday/December 28/12/2024 00:56:40] "Bakemonogatari Episode 12" | https://myanime.sharepoint.com/sites/anime2/_layouts/15/download.aspx?share=EQb_o5VgYmtPhrcATXSL-X8BEQImKDM1IqZ21DN7STzvng | length=1466.09 | time=1391.5416666667
[Monday/December 30/12/2024 19:07:10] cristiano.mp4 | length=205.44870748299 | time=2.5666666666667
[Tuesday/December 31/12/2024 15:28:12] Bakemonogatari 01 - Hitagi Crab, Part 1.mkv | length=1557.077 | time=514.264
[Tuesday/December 31/12/2024 20:49:54] /run/media/bryant/tiagovault/anime/Monogatari Series/01. Bakemonogatari/Bakemonogatari 03 - Mayoi Snail, Part 1.mkv | length=1559.063 | time=9.384
[Tuesday/December 31/12/2024 20:49:55] /run/media/bryant/tiagovault/anime/Monogatari Series/01. Bakemonogatari/Bakemonogatari 03 - Mayoi Snail, Part 1.mkv | length=1559.063 | time=10.594
[Tuesday/December 31/12/2024 20:52:38] /run/media/bryant/tiagovault/anime/Monogatari Series/01. Bakemonogatari/Bakemonogatari 03 - Mayoi Snail, Part 1.mkv | length=1559.063 | time=491.032
[Thursday/January 02/01/2025 01:54:59] /run/media/bryant/tiagovault/anime/Monogatari Series/01. Bakemonogatari/Bakemonogatari 01 - Hitagi Crab, Part 1.mkv | length=1557.077 | time=464.547
[Friday/January 03/01/2025 02:50:55] /run/media/bryant/tiagovault/anime/Monogatari Series/01. Bakemonogatari/Bakemonogatari 01 - Hitagi Crab, Part 1.mkv | length=1557.077 | time=264.389
[Friday/January 03/01/2025 02:51:57] /run/media/bryant/tiagovault/anime/Monogatari Series/01. Bakemonogatari/Bakemonogatari 02 - Hitagi Crab, Part 2.mkv | length=1538.901 | time=846.304
[Monday/January 06/01/2025 19:50:41] anime/Monogatari Series/01. Bakemonogatari/Bakemonogatari 01 - Hitagi Crab, Part 1.mkv | length=1557.077 | time=309.142
[Wednesday/January 15/01/2025 21:22:34] /run/media/bryant/tiagovault/anime/Monogatari Series/01. Bakemonogatari/Bakemonogatari 01 - Hitagi Crab, Part 1.mkv | length=1557.077 | time=266.089
[Wednesday/January 29/01/2025 23:11:58] /home/bryant/Mega/personal/pc/videos/biy/cristiano.mp4 | length=205.44870748299 | time=1.4666666666667
[Thursday/January 30/01/2025 01:05:10] /home/bryant/Mega/personal/pc/videos/biy/cristiano.mp4 | length=205.44870748299 | time=3.5333333333333
[Thursday/January 30/01/2025 19:27:42] /home/bryant/Mega/personal/pc/videos/biy/cristiano.mp4 | length=205.44870748299 | time=2.5
